[2024-05-17 22:42:16] app.ERROR: Data from PrestaShop Addons is invalid, and cannot fallback on cache. [] []
[2024-05-17 22:42:16] app.INFO: Protect vendor folder in module blockreassurance [] []
[2024-05-17 22:42:16] app.INFO: Module blockreassurance has no vendor folder [] []
[2024-05-17 22:44:38] app.ERROR: Data from PrestaShop Addons is invalid, and cannot fallback on cache. [] []
[2024-05-17 22:44:42] app.INFO: Protect vendor folder in module ps_facetedsearch [] []
[2024-05-17 22:44:42] app.INFO: Module ps_facetedsearch has no vendor folder [] []
[2024-05-18 00:06:01] request.INFO: Matched route "admin_product_form". {"route":"admin_product_form","route_parameters":{"_controller":"PrestaShopBundle\\Controller\\Admin\\ProductController::formAction","_legacy_controller":"AdminProducts","_legacy_param_mapper_class":"PrestaShop\\PrestaShop\\Adapter\\Product\\AdminProductDataProvider","_legacy_param_mapper_method":"mapLegacyParametersProductForm","id":"20","_route":"admin_product_form"},"request_uri":"http://localhost/cosmy/Cosmy/index.php/sell/catalog/products/20?_token=slzxeXbHJk-9p_vvGR5o9g12iiEN1lIyFWDfUyKFgyg","method":"GET"} []
[2024-05-18 00:06:01] security.DEBUG: Read existing security token from the session. {"key":"_security_main","token_class":"Symfony\\Component\\Security\\Core\\Authentication\\Token\\UsernamePasswordToken"} []
[2024-05-18 00:06:01] security.DEBUG: User was reloaded from a user provider. {"provider":"PrestaShopBundle\\Security\\Admin\\EmployeeProvider","username":"mounabelbard@gmail.com"} []
[2024-05-18 00:06:20] app.ERROR: Data from PrestaShop Addons is invalid, and cannot fallback on cache. [] []
[2024-05-18 00:06:27] security.DEBUG: Stored the security token in the session. {"key":"_security_main"} []
[2024-05-18 00:55:27] request.INFO: Matched route "admin_module_manage". {"route":"admin_module_manage","route_parameters":{"category":null,"keyword":null,"_controller":"PrestaShopBundle\\Controller\\Admin\\Improve\\ModuleController::manageAction","_legacy_controller":"AdminModulesManage","_legacy_link":["AdminModulesManage","AdminModulesSf"],"_route":"admin_module_manage"},"request_uri":"http://localhost/cosmy/Cosmy/index.php/improve/modules/manage?_token=slzxeXbHJk-9p_vvGR5o9g12iiEN1lIyFWDfUyKFgyg","method":"GET"} []
[2024-05-18 00:55:27] security.DEBUG: Read existing security token from the session. {"key":"_security_main","token_class":"Symfony\\Component\\Security\\Core\\Authentication\\Token\\UsernamePasswordToken"} []
[2024-05-18 00:55:27] security.DEBUG: User was reloaded from a user provider. {"provider":"PrestaShopBundle\\Security\\Admin\\EmployeeProvider","username":"mounabelbard@gmail.com"} []
[2024-05-18 00:55:29] app.ERROR: Data from PrestaShop Addons is invalid, and cannot fallback on cache. [] []
[2024-05-18 00:55:41] security.DEBUG: Stored the security token in the session. {"key":"_security_main"} []
[2024-05-18 00:59:18] request.INFO: Matched route "admin_module_manage". {"route":"admin_module_manage","route_parameters":{"category":null,"keyword":null,"_controller":"PrestaShopBundle\\Controller\\Admin\\Improve\\ModuleController::manageAction","_legacy_controller":"AdminModulesManage","_legacy_link":["AdminModulesManage","AdminModulesSf"],"_route":"admin_module_manage"},"request_uri":"http://localhost/cosmy/Cosmy/index.php/improve/modules/manage?_token=slzxeXbHJk-9p_vvGR5o9g12iiEN1lIyFWDfUyKFgyg","method":"GET"} []
[2024-05-18 00:59:18] security.DEBUG: Read existing security token from the session. {"key":"_security_main","token_class":"Symfony\\Component\\Security\\Core\\Authentication\\Token\\UsernamePasswordToken"} []
[2024-05-18 00:59:18] security.DEBUG: User was reloaded from a user provider. {"provider":"PrestaShopBundle\\Security\\Admin\\EmployeeProvider","username":"mounabelbard@gmail.com"} []
[2024-05-18 00:59:19] app.ERROR: Data from PrestaShop Addons is invalid, and cannot fallback on cache. [] []
[2024-05-18 00:59:20] security.DEBUG: Stored the security token in the session. {"key":"_security_main"} []
[2024-05-18 00:59:21] request.INFO: Matched route "admin_module_notification_count". {"route":"admin_module_notification_count","route_parameters":{"_controller":"PrestaShopBundle\\Controller\\Admin\\Improve\\Modules\\AlertsController::notificationsCountAction","_legacy_controller":"AdminModulesNotifications","_legacy_link":"AdminModulesNotifications:count","_route":"admin_module_notification_count"},"request_uri":"http://localhost/cosmy/Cosmy/index.php/improve/modules/alerts/count?_token=slzxeXbHJk-9p_vvGR5o9g12iiEN1lIyFWDfUyKFgyg","method":"GET"} []
[2024-05-18 00:59:21] security.DEBUG: Read existing security token from the session. {"key":"_security_main","token_class":"Symfony\\Component\\Security\\Core\\Authentication\\Token\\UsernamePasswordToken"} []
[2024-05-18 00:59:21] security.DEBUG: User was reloaded from a user provider. {"provider":"PrestaShopBundle\\Security\\Admin\\EmployeeProvider","username":"mounabelbard@gmail.com"} []
[2024-05-18 00:59:22] app.ERROR: Data from PrestaShop Addons is invalid, and cannot fallback on cache. [] []
[2024-05-18 00:59:22] security.DEBUG: Stored the security token in the session. {"key":"_security_main"} []
[2024-05-18 10:52:31] request.INFO: Matched route "admin_product_form". {"route":"admin_product_form","route_parameters":{"_controller":"PrestaShopBundle\\Controller\\Admin\\ProductController::formAction","_legacy_controller":"AdminProducts","_legacy_param_mapper_class":"PrestaShop\\PrestaShop\\Adapter\\Product\\AdminProductDataProvider","_legacy_param_mapper_method":"mapLegacyParametersProductForm","id":"21","_route":"admin_product_form"},"request_uri":"http://localhost/cosmy/Cosmy/index.php/sell/catalog/products/21?_token=slzxeXbHJk-9p_vvGR5o9g12iiEN1lIyFWDfUyKFgyg","method":"GET"} []
[2024-05-18 10:52:31] security.DEBUG: Read existing security token from the session. {"key":"_security_main","token_class":"Symfony\\Component\\Security\\Core\\Authentication\\Token\\UsernamePasswordToken"} []
[2024-05-18 10:52:31] security.DEBUG: User was reloaded from a user provider. {"provider":"PrestaShopBundle\\Security\\Admin\\EmployeeProvider","username":"mounabelbard@gmail.com"} []
[2024-05-18 10:52:41] app.ERROR: Data from PrestaShop Addons is invalid, and cannot fallback on cache. [] []
[2024-05-18 10:52:46] security.DEBUG: Stored the security token in the session. {"key":"_security_main"} []
[2024-05-18 11:01:41] request.INFO: Matched route "admin_product_form". {"route":"admin_product_form","route_parameters":{"_controller":"PrestaShopBundle\\Controller\\Admin\\ProductController::formAction","_legacy_controller":"AdminProducts","_legacy_param_mapper_class":"PrestaShop\\PrestaShop\\Adapter\\Product\\AdminProductDataProvider","_legacy_param_mapper_method":"mapLegacyParametersProductForm","id":"22","_route":"admin_product_form"},"request_uri":"http://localhost/cosmy/Cosmy/index.php/sell/catalog/products/22?_token=slzxeXbHJk-9p_vvGR5o9g12iiEN1lIyFWDfUyKFgyg","method":"GET"} []
[2024-05-18 11:01:41] security.DEBUG: Read existing security token from the session. {"key":"_security_main","token_class":"Symfony\\Component\\Security\\Core\\Authentication\\Token\\UsernamePasswordToken"} []
[2024-05-18 11:01:41] security.DEBUG: User was reloaded from a user provider. {"provider":"PrestaShopBundle\\Security\\Admin\\EmployeeProvider","username":"mounabelbard@gmail.com"} []
[2024-05-18 11:01:44] app.ERROR: Data from PrestaShop Addons is invalid, and cannot fallback on cache. [] []
[2024-05-18 11:01:44] security.DEBUG: Stored the security token in the session. {"key":"_security_main"} []
[2024-05-18 11:13:41] request.INFO: Matched route "admin_product_form". {"route":"admin_product_form","route_parameters":{"_controller":"PrestaShopBundle\\Controller\\Admin\\ProductController::formAction","_legacy_controller":"AdminProducts","_legacy_param_mapper_class":"PrestaShop\\PrestaShop\\Adapter\\Product\\AdminProductDataProvider","_legacy_param_mapper_method":"mapLegacyParametersProductForm","id":"23","_route":"admin_product_form"},"request_uri":"http://localhost/cosmy/Cosmy/index.php/sell/catalog/products/23?_token=slzxeXbHJk-9p_vvGR5o9g12iiEN1lIyFWDfUyKFgyg","method":"GET"} []
[2024-05-18 11:13:41] security.DEBUG: Read existing security token from the session. {"key":"_security_main","token_class":"Symfony\\Component\\Security\\Core\\Authentication\\Token\\UsernamePasswordToken"} []
[2024-05-18 11:13:41] security.DEBUG: User was reloaded from a user provider. {"provider":"PrestaShopBundle\\Security\\Admin\\EmployeeProvider","username":"mounabelbard@gmail.com"} []
[2024-05-18 11:13:43] app.ERROR: Data from PrestaShop Addons is invalid, and cannot fallback on cache. [] []
[2024-05-18 11:13:44] security.DEBUG: Stored the security token in the session. {"key":"_security_main"} []
[2024-05-18 11:17:54] request.INFO: Matched route "admin_product_form". {"route":"admin_product_form","route_parameters":{"_controller":"PrestaShopBundle\\Controller\\Admin\\ProductController::formAction","_legacy_controller":"AdminProducts","_legacy_param_mapper_class":"PrestaShop\\PrestaShop\\Adapter\\Product\\AdminProductDataProvider","_legacy_param_mapper_method":"mapLegacyParametersProductForm","id":"24","_route":"admin_product_form"},"request_uri":"http://localhost/cosmy/Cosmy/index.php/sell/catalog/products/24?_token=slzxeXbHJk-9p_vvGR5o9g12iiEN1lIyFWDfUyKFgyg","method":"GET"} []
[2024-05-18 11:17:54] security.DEBUG: Read existing security token from the session. {"key":"_security_main","token_class":"Symfony\\Component\\Security\\Core\\Authentication\\Token\\UsernamePasswordToken"} []
[2024-05-18 11:17:54] security.DEBUG: User was reloaded from a user provider. {"provider":"PrestaShopBundle\\Security\\Admin\\EmployeeProvider","username":"mounabelbard@gmail.com"} []
[2024-05-18 11:17:57] app.ERROR: Data from PrestaShop Addons is invalid, and cannot fallback on cache. [] []
[2024-05-18 11:17:58] security.DEBUG: Stored the security token in the session. {"key":"_security_main"} []
[2024-05-18 11:29:06] request.INFO: Matched route "admin_product_form". {"route":"admin_product_form","route_parameters":{"_controller":"PrestaShopBundle\\Controller\\Admin\\ProductController::formAction","_legacy_controller":"AdminProducts","_legacy_param_mapper_class":"PrestaShop\\PrestaShop\\Adapter\\Product\\AdminProductDataProvider","_legacy_param_mapper_method":"mapLegacyParametersProductForm","id":"25","_route":"admin_product_form"},"request_uri":"http://localhost/cosmy/Cosmy/index.php/sell/catalog/products/25?_token=slzxeXbHJk-9p_vvGR5o9g12iiEN1lIyFWDfUyKFgyg","method":"GET"} []
[2024-05-18 11:29:06] security.DEBUG: Read existing security token from the session. {"key":"_security_main","token_class":"Symfony\\Component\\Security\\Core\\Authentication\\Token\\UsernamePasswordToken"} []
[2024-05-18 11:29:06] security.DEBUG: User was reloaded from a user provider. {"provider":"PrestaShopBundle\\Security\\Admin\\EmployeeProvider","username":"mounabelbard@gmail.com"} []
[2024-05-18 11:29:09] app.ERROR: Data from PrestaShop Addons is invalid, and cannot fallback on cache. [] []
[2024-05-18 11:29:10] security.DEBUG: Stored the security token in the session. {"key":"_security_main"} []
[2024-05-19 09:57:40] request.INFO: Matched route "admin_product_form". {"route":"admin_product_form","route_parameters":{"_controller":"PrestaShopBundle\\Controller\\Admin\\ProductController::formAction","_legacy_controller":"AdminProducts","_legacy_param_mapper_class":"PrestaShop\\PrestaShop\\Adapter\\Product\\AdminProductDataProvider","_legacy_param_mapper_method":"mapLegacyParametersProductForm","id":"26","_route":"admin_product_form"},"request_uri":"http://localhost/cosmy/Cosmy/index.php/sell/catalog/products/26?_token=slzxeXbHJk-9p_vvGR5o9g12iiEN1lIyFWDfUyKFgyg","method":"GET"} []
[2024-05-19 09:57:48] security.DEBUG: Read existing security token from the session. {"key":"_security_main","token_class":"Symfony\\Component\\Security\\Core\\Authentication\\Token\\UsernamePasswordToken"} []
[2024-05-19 09:57:48] security.DEBUG: User was reloaded from a user provider. {"provider":"PrestaShopBundle\\Security\\Admin\\EmployeeProvider","username":"mounabelbard@gmail.com"} []
[2024-05-19 09:58:07] app.ERROR: Data from PrestaShop Addons is invalid, and cannot fallback on cache. [] []
[2024-05-19 09:58:19] security.DEBUG: Stored the security token in the session. {"key":"_security_main"} []
[2024-05-19 09:59:20] request.INFO: Matched route "admin_product_form". {"route":"admin_product_form","route_parameters":{"_controller":"PrestaShopBundle\\Controller\\Admin\\ProductController::formAction","_legacy_controller":"AdminProducts","_legacy_param_mapper_class":"PrestaShop\\PrestaShop\\Adapter\\Product\\AdminProductDataProvider","_legacy_param_mapper_method":"mapLegacyParametersProductForm","id":"27","_route":"admin_product_form"},"request_uri":"http://localhost/cosmy/Cosmy/index.php/sell/catalog/products/27?_token=slzxeXbHJk-9p_vvGR5o9g12iiEN1lIyFWDfUyKFgyg","method":"GET"} []
[2024-05-19 09:59:29] security.DEBUG: Read existing security token from the session. {"key":"_security_main","token_class":"Symfony\\Component\\Security\\Core\\Authentication\\Token\\UsernamePasswordToken"} []
[2024-05-19 09:59:29] security.DEBUG: User was reloaded from a user provider. {"provider":"PrestaShopBundle\\Security\\Admin\\EmployeeProvider","username":"mounabelbard@gmail.com"} []
[2024-05-19 09:59:32] app.ERROR: Data from PrestaShop Addons is invalid, and cannot fallback on cache. [] []
[2024-05-19 09:59:33] security.DEBUG: Stored the security token in the session. {"key":"_security_main"} []
[2024-05-19 10:03:21] request.INFO: Matched route "admin_product_form". {"route":"admin_product_form","route_parameters":{"_controller":"PrestaShopBundle\\Controller\\Admin\\ProductController::formAction","_legacy_controller":"AdminProducts","_legacy_param_mapper_class":"PrestaShop\\PrestaShop\\Adapter\\Product\\AdminProductDataProvider","_legacy_param_mapper_method":"mapLegacyParametersProductForm","id":"28","_route":"admin_product_form"},"request_uri":"http://localhost/cosmy/Cosmy/index.php/sell/catalog/products/28?_token=slzxeXbHJk-9p_vvGR5o9g12iiEN1lIyFWDfUyKFgyg","method":"GET"} []
[2024-05-19 10:03:21] security.DEBUG: Read existing security token from the session. {"key":"_security_main","token_class":"Symfony\\Component\\Security\\Core\\Authentication\\Token\\UsernamePasswordToken"} []
[2024-05-19 10:03:21] security.DEBUG: User was reloaded from a user provider. {"provider":"PrestaShopBundle\\Security\\Admin\\EmployeeProvider","username":"mounabelbard@gmail.com"} []
[2024-05-19 10:03:24] app.ERROR: Data from PrestaShop Addons is invalid, and cannot fallback on cache. [] []
[2024-05-19 10:03:25] security.DEBUG: Stored the security token in the session. {"key":"_security_main"} []
[2024-05-19 10:19:43] request.INFO: Matched route "admin_product_form". {"route":"admin_product_form","route_parameters":{"_controller":"PrestaShopBundle\\Controller\\Admin\\ProductController::formAction","_legacy_controller":"AdminProducts","_legacy_param_mapper_class":"PrestaShop\\PrestaShop\\Adapter\\Product\\AdminProductDataProvider","_legacy_param_mapper_method":"mapLegacyParametersProductForm","id":"21","_route":"admin_product_form"},"request_uri":"http://localhost/cosmy/Cosmy/index.php/sell/catalog/products/21?_token=slzxeXbHJk-9p_vvGR5o9g12iiEN1lIyFWDfUyKFgyg","method":"GET"} []
[2024-05-19 10:19:43] security.DEBUG: Read existing security token from the session. {"key":"_security_main","token_class":"Symfony\\Component\\Security\\Core\\Authentication\\Token\\UsernamePasswordToken"} []
[2024-05-19 10:19:43] security.DEBUG: User was reloaded from a user provider. {"provider":"PrestaShopBundle\\Security\\Admin\\EmployeeProvider","username":"mounabelbard@gmail.com"} []
[2024-05-19 10:19:46] app.ERROR: Data from PrestaShop Addons is invalid, and cannot fallback on cache. [] []
[2024-05-19 10:19:46] security.DEBUG: Stored the security token in the session. {"key":"_security_main"} []
[2024-05-19 10:20:34] request.INFO: Matched route "admin_product_form". {"route":"admin_product_form","route_parameters":{"_controller":"PrestaShopBundle\\Controller\\Admin\\ProductController::formAction","_legacy_controller":"AdminProducts","_legacy_param_mapper_class":"PrestaShop\\PrestaShop\\Adapter\\Product\\AdminProductDataProvider","_legacy_param_mapper_method":"mapLegacyParametersProductForm","id":"29","_route":"admin_product_form"},"request_uri":"http://localhost/cosmy/Cosmy/index.php/sell/catalog/products/29?_token=slzxeXbHJk-9p_vvGR5o9g12iiEN1lIyFWDfUyKFgyg","method":"GET"} []
[2024-05-19 10:20:34] security.DEBUG: Read existing security token from the session. {"key":"_security_main","token_class":"Symfony\\Component\\Security\\Core\\Authentication\\Token\\UsernamePasswordToken"} []
[2024-05-19 10:20:34] security.DEBUG: User was reloaded from a user provider. {"provider":"PrestaShopBundle\\Security\\Admin\\EmployeeProvider","username":"mounabelbard@gmail.com"} []
[2024-05-19 10:20:37] app.ERROR: Data from PrestaShop Addons is invalid, and cannot fallback on cache. [] []
[2024-05-19 10:20:37] security.DEBUG: Stored the security token in the session. {"key":"_security_main"} []
[2024-05-19 10:23:29] request.INFO: Matched route "admin_product_form". {"route":"admin_product_form","route_parameters":{"_controller":"PrestaShopBundle\\Controller\\Admin\\ProductController::formAction","_legacy_controller":"AdminProducts","_legacy_param_mapper_class":"PrestaShop\\PrestaShop\\Adapter\\Product\\AdminProductDataProvider","_legacy_param_mapper_method":"mapLegacyParametersProductForm","id":"30","_route":"admin_product_form"},"request_uri":"http://localhost/cosmy/Cosmy/index.php/sell/catalog/products/30?_token=slzxeXbHJk-9p_vvGR5o9g12iiEN1lIyFWDfUyKFgyg","method":"GET"} []
[2024-05-19 10:23:29] security.DEBUG: Read existing security token from the session. {"key":"_security_main","token_class":"Symfony\\Component\\Security\\Core\\Authentication\\Token\\UsernamePasswordToken"} []
[2024-05-19 10:23:29] security.DEBUG: User was reloaded from a user provider. {"provider":"PrestaShopBundle\\Security\\Admin\\EmployeeProvider","username":"mounabelbard@gmail.com"} []
[2024-05-19 10:23:32] app.ERROR: Data from PrestaShop Addons is invalid, and cannot fallback on cache. [] []
[2024-05-19 10:23:33] security.DEBUG: Stored the security token in the session. {"key":"_security_main"} []
[2024-05-19 10:26:02] request.INFO: Matched route "admin_product_form". {"route":"admin_product_form","route_parameters":{"_controller":"PrestaShopBundle\\Controller\\Admin\\ProductController::formAction","_legacy_controller":"AdminProducts","_legacy_param_mapper_class":"PrestaShop\\PrestaShop\\Adapter\\Product\\AdminProductDataProvider","_legacy_param_mapper_method":"mapLegacyParametersProductForm","id":"28","_route":"admin_product_form"},"request_uri":"http://localhost/cosmy/Cosmy/index.php/sell/catalog/products/28?_token=slzxeXbHJk-9p_vvGR5o9g12iiEN1lIyFWDfUyKFgyg","method":"GET"} []
[2024-05-19 10:26:02] security.DEBUG: Read existing security token from the session. {"key":"_security_main","token_class":"Symfony\\Component\\Security\\Core\\Authentication\\Token\\UsernamePasswordToken"} []
[2024-05-19 10:26:02] security.DEBUG: User was reloaded from a user provider. {"provider":"PrestaShopBundle\\Security\\Admin\\EmployeeProvider","username":"mounabelbard@gmail.com"} []
[2024-05-19 10:26:04] app.ERROR: Data from PrestaShop Addons is invalid, and cannot fallback on cache. [] []
[2024-05-19 10:26:05] security.DEBUG: Stored the security token in the session. {"key":"_security_main"} []
[2024-05-19 10:26:31] request.INFO: Matched route "admin_product_form". {"route":"admin_product_form","route_parameters":{"_controller":"PrestaShopBundle\\Controller\\Admin\\ProductController::formAction","_legacy_controller":"AdminProducts","_legacy_param_mapper_class":"PrestaShop\\PrestaShop\\Adapter\\Product\\AdminProductDataProvider","_legacy_param_mapper_method":"mapLegacyParametersProductForm","id":"31","_route":"admin_product_form"},"request_uri":"http://localhost/cosmy/Cosmy/index.php/sell/catalog/products/31?_token=slzxeXbHJk-9p_vvGR5o9g12iiEN1lIyFWDfUyKFgyg","method":"GET"} []
[2024-05-19 10:26:31] security.DEBUG: Read existing security token from the session. {"key":"_security_main","token_class":"Symfony\\Component\\Security\\Core\\Authentication\\Token\\UsernamePasswordToken"} []
[2024-05-19 10:26:31] security.DEBUG: User was reloaded from a user provider. {"provider":"PrestaShopBundle\\Security\\Admin\\EmployeeProvider","username":"mounabelbard@gmail.com"} []
[2024-05-19 10:26:34] app.ERROR: Data from PrestaShop Addons is invalid, and cannot fallback on cache. [] []
[2024-05-19 10:26:35] security.DEBUG: Stored the security token in the session. {"key":"_security_main"} []
[2024-05-19 10:43:31] request.INFO: Matched route "admin_product_form". {"route":"admin_product_form","route_parameters":{"_controller":"PrestaShopBundle\\Controller\\Admin\\ProductController::formAction","_legacy_controller":"AdminProducts","_legacy_param_mapper_class":"PrestaShop\\PrestaShop\\Adapter\\Product\\AdminProductDataProvider","_legacy_param_mapper_method":"mapLegacyParametersProductForm","id":"32","_route":"admin_product_form"},"request_uri":"http://localhost/cosmy/Cosmy/index.php/sell/catalog/products/32?_token=slzxeXbHJk-9p_vvGR5o9g12iiEN1lIyFWDfUyKFgyg","method":"GET"} []
[2024-05-19 10:43:31] security.DEBUG: Read existing security token from the session. {"key":"_security_main","token_class":"Symfony\\Component\\Security\\Core\\Authentication\\Token\\UsernamePasswordToken"} []
[2024-05-19 10:43:31] security.DEBUG: User was reloaded from a user provider. {"provider":"PrestaShopBundle\\Security\\Admin\\EmployeeProvider","username":"mounabelbard@gmail.com"} []
[2024-05-19 10:43:32] app.ERROR: Data from PrestaShop Addons is invalid, and cannot fallback on cache. [] []
[2024-05-19 10:43:33] security.DEBUG: Stored the security token in the session. {"key":"_security_main"} []
[2024-05-19 10:46:28] request.INFO: Matched route "admin_product_form". {"route":"admin_product_form","route_parameters":{"_controller":"PrestaShopBundle\\Controller\\Admin\\ProductController::formAction","_legacy_controller":"AdminProducts","_legacy_param_mapper_class":"PrestaShop\\PrestaShop\\Adapter\\Product\\AdminProductDataProvider","_legacy_param_mapper_method":"mapLegacyParametersProductForm","id":"33","_route":"admin_product_form"},"request_uri":"http://localhost/cosmy/Cosmy/index.php/sell/catalog/products/33?_token=slzxeXbHJk-9p_vvGR5o9g12iiEN1lIyFWDfUyKFgyg","method":"GET"} []
[2024-05-19 10:46:28] security.DEBUG: Read existing security token from the session. {"key":"_security_main","token_class":"Symfony\\Component\\Security\\Core\\Authentication\\Token\\UsernamePasswordToken"} []
[2024-05-19 10:46:28] security.DEBUG: User was reloaded from a user provider. {"provider":"PrestaShopBundle\\Security\\Admin\\EmployeeProvider","username":"mounabelbard@gmail.com"} []
[2024-05-19 10:46:30] app.ERROR: Data from PrestaShop Addons is invalid, and cannot fallback on cache. [] []
[2024-05-19 10:46:31] security.DEBUG: Stored the security token in the session. {"key":"_security_main"} []
[2024-05-19 10:48:26] request.INFO: Matched route "admin_product_form". {"route":"admin_product_form","route_parameters":{"_controller":"PrestaShopBundle\\Controller\\Admin\\ProductController::formAction","_legacy_controller":"AdminProducts","_legacy_param_mapper_class":"PrestaShop\\PrestaShop\\Adapter\\Product\\AdminProductDataProvider","_legacy_param_mapper_method":"mapLegacyParametersProductForm","id":"34","_route":"admin_product_form"},"request_uri":"http://localhost/cosmy/Cosmy/index.php/sell/catalog/products/34?_token=slzxeXbHJk-9p_vvGR5o9g12iiEN1lIyFWDfUyKFgyg","method":"GET"} []
[2024-05-19 10:48:26] security.DEBUG: Read existing security token from the session. {"key":"_security_main","token_class":"Symfony\\Component\\Security\\Core\\Authentication\\Token\\UsernamePasswordToken"} []
[2024-05-19 10:48:26] security.DEBUG: User was reloaded from a user provider. {"provider":"PrestaShopBundle\\Security\\Admin\\EmployeeProvider","username":"mounabelbard@gmail.com"} []
[2024-05-19 10:48:29] app.ERROR: Data from PrestaShop Addons is invalid, and cannot fallback on cache. [] []
[2024-05-19 10:48:29] security.DEBUG: Stored the security token in the session. {"key":"_security_main"} []
[2024-05-19 10:55:27] request.INFO: Matched route "admin_product_form". {"route":"admin_product_form","route_parameters":{"_controller":"PrestaShopBundle\\Controller\\Admin\\ProductController::formAction","_legacy_controller":"AdminProducts","_legacy_param_mapper_class":"PrestaShop\\PrestaShop\\Adapter\\Product\\AdminProductDataProvider","_legacy_param_mapper_method":"mapLegacyParametersProductForm","id":"35","_route":"admin_product_form"},"request_uri":"http://localhost/cosmy/Cosmy/index.php/sell/catalog/products/35?_token=slzxeXbHJk-9p_vvGR5o9g12iiEN1lIyFWDfUyKFgyg","method":"GET"} []
[2024-05-19 10:55:27] security.DEBUG: Read existing security token from the session. {"key":"_security_main","token_class":"Symfony\\Component\\Security\\Core\\Authentication\\Token\\UsernamePasswordToken"} []
[2024-05-19 10:55:27] security.DEBUG: User was reloaded from a user provider. {"provider":"PrestaShopBundle\\Security\\Admin\\EmployeeProvider","username":"mounabelbard@gmail.com"} []
[2024-05-19 10:55:30] app.ERROR: Data from PrestaShop Addons is invalid, and cannot fallback on cache. [] []
[2024-05-19 10:55:30] security.DEBUG: Stored the security token in the session. {"key":"_security_main"} []
[2024-05-19 10:59:12] request.INFO: Matched route "admin_product_form". {"route":"admin_product_form","route_parameters":{"_controller":"PrestaShopBundle\\Controller\\Admin\\ProductController::formAction","_legacy_controller":"AdminProducts","_legacy_param_mapper_class":"PrestaShop\\PrestaShop\\Adapter\\Product\\AdminProductDataProvider","_legacy_param_mapper_method":"mapLegacyParametersProductForm","id":"36","_route":"admin_product_form"},"request_uri":"http://localhost/cosmy/Cosmy/index.php/sell/catalog/products/36?_token=slzxeXbHJk-9p_vvGR5o9g12iiEN1lIyFWDfUyKFgyg","method":"GET"} []
[2024-05-19 10:59:12] security.DEBUG: Read existing security token from the session. {"key":"_security_main","token_class":"Symfony\\Component\\Security\\Core\\Authentication\\Token\\UsernamePasswordToken"} []
[2024-05-19 10:59:12] security.DEBUG: User was reloaded from a user provider. {"provider":"PrestaShopBundle\\Security\\Admin\\EmployeeProvider","username":"mounabelbard@gmail.com"} []
[2024-05-19 10:59:15] app.ERROR: Data from PrestaShop Addons is invalid, and cannot fallback on cache. [] []
[2024-05-19 10:59:16] security.DEBUG: Stored the security token in the session. {"key":"_security_main"} []
[2024-05-19 11:03:49] request.INFO: Matched route "admin_product_form". {"route":"admin_product_form","route_parameters":{"_controller":"PrestaShopBundle\\Controller\\Admin\\ProductController::formAction","_legacy_controller":"AdminProducts","_legacy_param_mapper_class":"PrestaShop\\PrestaShop\\Adapter\\Product\\AdminProductDataProvider","_legacy_param_mapper_method":"mapLegacyParametersProductForm","id":"37","_route":"admin_product_form"},"request_uri":"http://localhost/cosmy/Cosmy/index.php/sell/catalog/products/37?_token=slzxeXbHJk-9p_vvGR5o9g12iiEN1lIyFWDfUyKFgyg","method":"GET"} []
[2024-05-19 11:03:49] security.DEBUG: Read existing security token from the session. {"key":"_security_main","token_class":"Symfony\\Component\\Security\\Core\\Authentication\\Token\\UsernamePasswordToken"} []
[2024-05-19 11:03:49] security.DEBUG: User was reloaded from a user provider. {"provider":"PrestaShopBundle\\Security\\Admin\\EmployeeProvider","username":"mounabelbard@gmail.com"} []
[2024-05-19 11:03:52] app.ERROR: Data from PrestaShop Addons is invalid, and cannot fallback on cache. [] []
[2024-05-19 11:03:53] security.DEBUG: Stored the security token in the session. {"key":"_security_main"} []
[2024-05-19 11:13:48] request.INFO: Matched route "admin_product_form". {"route":"admin_product_form","route_parameters":{"_controller":"PrestaShopBundle\\Controller\\Admin\\ProductController::formAction","_legacy_controller":"AdminProducts","_legacy_param_mapper_class":"PrestaShop\\PrestaShop\\Adapter\\Product\\AdminProductDataProvider","_legacy_param_mapper_method":"mapLegacyParametersProductForm","id":"38","_route":"admin_product_form"},"request_uri":"http://localhost/cosmy/Cosmy/index.php/sell/catalog/products/38?_token=slzxeXbHJk-9p_vvGR5o9g12iiEN1lIyFWDfUyKFgyg","method":"GET"} []
[2024-05-19 11:13:48] security.DEBUG: Read existing security token from the session. {"key":"_security_main","token_class":"Symfony\\Component\\Security\\Core\\Authentication\\Token\\UsernamePasswordToken"} []
[2024-05-19 11:13:48] security.DEBUG: User was reloaded from a user provider. {"provider":"PrestaShopBundle\\Security\\Admin\\EmployeeProvider","username":"mounabelbard@gmail.com"} []
[2024-05-19 11:13:50] app.ERROR: Data from PrestaShop Addons is invalid, and cannot fallback on cache. [] []
[2024-05-19 11:13:50] security.DEBUG: Stored the security token in the session. {"key":"_security_main"} []
[2024-05-19 11:14:07] request.INFO: Matched route "admin_product_form". {"route":"admin_product_form","route_parameters":{"_controller":"PrestaShopBundle\\Controller\\Admin\\ProductController::formAction","_legacy_controller":"AdminProducts","_legacy_param_mapper_class":"PrestaShop\\PrestaShop\\Adapter\\Product\\AdminProductDataProvider","_legacy_param_mapper_method":"mapLegacyParametersProductForm","id":"37","_route":"admin_product_form"},"request_uri":"http://localhost/cosmy/Cosmy/index.php/sell/catalog/products/37?_token=slzxeXbHJk-9p_vvGR5o9g12iiEN1lIyFWDfUyKFgyg","method":"GET"} []
[2024-05-19 11:14:07] security.DEBUG: Read existing security token from the session. {"key":"_security_main","token_class":"Symfony\\Component\\Security\\Core\\Authentication\\Token\\UsernamePasswordToken"} []
[2024-05-19 11:14:07] security.DEBUG: User was reloaded from a user provider. {"provider":"PrestaShopBundle\\Security\\Admin\\EmployeeProvider","username":"mounabelbard@gmail.com"} []
[2024-05-19 11:14:08] app.ERROR: Data from PrestaShop Addons is invalid, and cannot fallback on cache. [] []
[2024-05-19 11:14:08] security.DEBUG: Stored the security token in the session. {"key":"_security_main"} []
[2024-05-19 11:17:18] request.INFO: Matched route "admin_product_form". {"route":"admin_product_form","route_parameters":{"_controller":"PrestaShopBundle\\Controller\\Admin\\ProductController::formAction","_legacy_controller":"AdminProducts","_legacy_param_mapper_class":"PrestaShop\\PrestaShop\\Adapter\\Product\\AdminProductDataProvider","_legacy_param_mapper_method":"mapLegacyParametersProductForm","id":"39","_route":"admin_product_form"},"request_uri":"http://localhost/cosmy/Cosmy/index.php/sell/catalog/products/39?_token=slzxeXbHJk-9p_vvGR5o9g12iiEN1lIyFWDfUyKFgyg","method":"GET"} []
[2024-05-19 11:17:18] security.DEBUG: Read existing security token from the session. {"key":"_security_main","token_class":"Symfony\\Component\\Security\\Core\\Authentication\\Token\\UsernamePasswordToken"} []
[2024-05-19 11:17:18] security.DEBUG: User was reloaded from a user provider. {"provider":"PrestaShopBundle\\Security\\Admin\\EmployeeProvider","username":"mounabelbard@gmail.com"} []
[2024-05-19 11:17:19] app.ERROR: Data from PrestaShop Addons is invalid, and cannot fallback on cache. [] []
[2024-05-19 11:17:20] security.DEBUG: Stored the security token in the session. {"key":"_security_main"} []
[2024-05-19 11:20:23] request.INFO: Matched route "admin_product_form". {"route":"admin_product_form","route_parameters":{"_controller":"PrestaShopBundle\\Controller\\Admin\\ProductController::formAction","_legacy_controller":"AdminProducts","_legacy_param_mapper_class":"PrestaShop\\PrestaShop\\Adapter\\Product\\AdminProductDataProvider","_legacy_param_mapper_method":"mapLegacyParametersProductForm","id":"40","_route":"admin_product_form"},"request_uri":"http://localhost/cosmy/Cosmy/index.php/sell/catalog/products/40?_token=slzxeXbHJk-9p_vvGR5o9g12iiEN1lIyFWDfUyKFgyg","method":"GET"} []
[2024-05-19 11:20:23] security.DEBUG: Read existing security token from the session. {"key":"_security_main","token_class":"Symfony\\Component\\Security\\Core\\Authentication\\Token\\UsernamePasswordToken"} []
[2024-05-19 11:20:23] security.DEBUG: User was reloaded from a user provider. {"provider":"PrestaShopBundle\\Security\\Admin\\EmployeeProvider","username":"mounabelbard@gmail.com"} []
[2024-05-19 11:20:25] app.ERROR: Data from PrestaShop Addons is invalid, and cannot fallback on cache. [] []
[2024-05-19 11:20:25] security.DEBUG: Stored the security token in the session. {"key":"_security_main"} []
[2024-05-19 11:36:32] request.INFO: Matched route "admin_product_form". {"route":"admin_product_form","route_parameters":{"_controller":"PrestaShopBundle\\Controller\\Admin\\ProductController::formAction","_legacy_controller":"AdminProducts","_legacy_param_mapper_class":"PrestaShop\\PrestaShop\\Adapter\\Product\\AdminProductDataProvider","_legacy_param_mapper_method":"mapLegacyParametersProductForm","id":"31","_route":"admin_product_form"},"request_uri":"http://localhost/cosmy/Cosmy/index.php/sell/catalog/products/31?_token=slzxeXbHJk-9p_vvGR5o9g12iiEN1lIyFWDfUyKFgyg","method":"GET"} []
[2024-05-19 11:36:32] security.DEBUG: Read existing security token from the session. {"key":"_security_main","token_class":"Symfony\\Component\\Security\\Core\\Authentication\\Token\\UsernamePasswordToken"} []
[2024-05-19 11:36:32] security.DEBUG: User was reloaded from a user provider. {"provider":"PrestaShopBundle\\Security\\Admin\\EmployeeProvider","username":"mounabelbard@gmail.com"} []
[2024-05-19 11:36:34] app.ERROR: Data from PrestaShop Addons is invalid, and cannot fallback on cache. [] []
[2024-05-19 11:36:34] security.DEBUG: Stored the security token in the session. {"key":"_security_main"} []
[2024-05-19 11:37:23] request.INFO: Matched route "admin_product_form". {"route":"admin_product_form","route_parameters":{"_controller":"PrestaShopBundle\\Controller\\Admin\\ProductController::formAction","_legacy_controller":"AdminProducts","_legacy_param_mapper_class":"PrestaShop\\PrestaShop\\Adapter\\Product\\AdminProductDataProvider","_legacy_param_mapper_method":"mapLegacyParametersProductForm","id":"41","_route":"admin_product_form"},"request_uri":"http://localhost/cosmy/Cosmy/index.php/sell/catalog/products/41?_token=slzxeXbHJk-9p_vvGR5o9g12iiEN1lIyFWDfUyKFgyg","method":"GET"} []
[2024-05-19 11:37:23] security.DEBUG: Read existing security token from the session. {"key":"_security_main","token_class":"Symfony\\Component\\Security\\Core\\Authentication\\Token\\UsernamePasswordToken"} []
[2024-05-19 11:37:23] security.DEBUG: User was reloaded from a user provider. {"provider":"PrestaShopBundle\\Security\\Admin\\EmployeeProvider","username":"mounabelbard@gmail.com"} []
[2024-05-19 11:37:24] app.ERROR: Data from PrestaShop Addons is invalid, and cannot fallback on cache. [] []
[2024-05-19 11:37:25] security.DEBUG: Stored the security token in the session. {"key":"_security_main"} []
[2024-05-19 11:39:44] request.INFO: Matched route "admin_product_form". {"route":"admin_product_form","route_parameters":{"_controller":"PrestaShopBundle\\Controller\\Admin\\ProductController::formAction","_legacy_controller":"AdminProducts","_legacy_param_mapper_class":"PrestaShop\\PrestaShop\\Adapter\\Product\\AdminProductDataProvider","_legacy_param_mapper_method":"mapLegacyParametersProductForm","id":"42","_route":"admin_product_form"},"request_uri":"http://localhost/cosmy/Cosmy/index.php/sell/catalog/products/42?_token=slzxeXbHJk-9p_vvGR5o9g12iiEN1lIyFWDfUyKFgyg","method":"GET"} []
[2024-05-19 11:39:44] security.DEBUG: Read existing security token from the session. {"key":"_security_main","token_class":"Symfony\\Component\\Security\\Core\\Authentication\\Token\\UsernamePasswordToken"} []
[2024-05-19 11:39:44] security.DEBUG: User was reloaded from a user provider. {"provider":"PrestaShopBundle\\Security\\Admin\\EmployeeProvider","username":"mounabelbard@gmail.com"} []
[2024-05-19 11:39:46] app.ERROR: Data from PrestaShop Addons is invalid, and cannot fallback on cache. [] []
[2024-05-19 11:39:46] security.DEBUG: Stored the security token in the session. {"key":"_security_main"} []
[2024-05-19 11:49:00] request.INFO: Matched route "admin_product_form". {"route":"admin_product_form","route_parameters":{"_controller":"PrestaShopBundle\\Controller\\Admin\\ProductController::formAction","_legacy_controller":"AdminProducts","_legacy_param_mapper_class":"PrestaShop\\PrestaShop\\Adapter\\Product\\AdminProductDataProvider","_legacy_param_mapper_method":"mapLegacyParametersProductForm","id":"41","_route":"admin_product_form"},"request_uri":"http://localhost/cosmy/Cosmy/index.php/sell/catalog/products/41?_token=slzxeXbHJk-9p_vvGR5o9g12iiEN1lIyFWDfUyKFgyg","method":"GET"} []
[2024-05-19 11:49:00] security.DEBUG: Read existing security token from the session. {"key":"_security_main","token_class":"Symfony\\Component\\Security\\Core\\Authentication\\Token\\UsernamePasswordToken"} []
[2024-05-19 11:49:00] security.DEBUG: User was reloaded from a user provider. {"provider":"PrestaShopBundle\\Security\\Admin\\EmployeeProvider","username":"mounabelbard@gmail.com"} []
[2024-05-19 11:49:02] app.ERROR: Data from PrestaShop Addons is invalid, and cannot fallback on cache. [] []
[2024-05-19 11:49:02] security.DEBUG: Stored the security token in the session. {"key":"_security_main"} []
[2024-05-19 11:49:09] request.INFO: Matched route "admin_product_form". {"route":"admin_product_form","route_parameters":{"_controller":"PrestaShopBundle\\Controller\\Admin\\ProductController::formAction","_legacy_controller":"AdminProducts","_legacy_param_mapper_class":"PrestaShop\\PrestaShop\\Adapter\\Product\\AdminProductDataProvider","_legacy_param_mapper_method":"mapLegacyParametersProductForm","id":"42","_route":"admin_product_form"},"request_uri":"http://localhost/cosmy/Cosmy/index.php/sell/catalog/products/42?_token=slzxeXbHJk-9p_vvGR5o9g12iiEN1lIyFWDfUyKFgyg","method":"GET"} []
[2024-05-19 11:49:09] security.DEBUG: Read existing security token from the session. {"key":"_security_main","token_class":"Symfony\\Component\\Security\\Core\\Authentication\\Token\\UsernamePasswordToken"} []
[2024-05-19 11:49:09] security.DEBUG: User was reloaded from a user provider. {"provider":"PrestaShopBundle\\Security\\Admin\\EmployeeProvider","username":"mounabelbard@gmail.com"} []
[2024-05-19 11:49:10] app.ERROR: Data from PrestaShop Addons is invalid, and cannot fallback on cache. [] []
[2024-05-19 11:49:10] security.DEBUG: Stored the security token in the session. {"key":"_security_main"} []
[2024-05-19 11:50:15] request.INFO: Matched route "admin_product_form". {"route":"admin_product_form","route_parameters":{"_controller":"PrestaShopBundle\\Controller\\Admin\\ProductController::formAction","_legacy_controller":"AdminProducts","_legacy_param_mapper_class":"PrestaShop\\PrestaShop\\Adapter\\Product\\AdminProductDataProvider","_legacy_param_mapper_method":"mapLegacyParametersProductForm","id":"43","_route":"admin_product_form"},"request_uri":"http://localhost/cosmy/Cosmy/index.php/sell/catalog/products/43?_token=slzxeXbHJk-9p_vvGR5o9g12iiEN1lIyFWDfUyKFgyg","method":"GET"} []
[2024-05-19 11:50:15] security.DEBUG: Read existing security token from the session. {"key":"_security_main","token_class":"Symfony\\Component\\Security\\Core\\Authentication\\Token\\UsernamePasswordToken"} []
[2024-05-19 11:50:15] security.DEBUG: User was reloaded from a user provider. {"provider":"PrestaShopBundle\\Security\\Admin\\EmployeeProvider","username":"mounabelbard@gmail.com"} []
[2024-05-19 11:50:17] app.ERROR: Data from PrestaShop Addons is invalid, and cannot fallback on cache. [] []
[2024-05-19 11:50:17] security.DEBUG: Stored the security token in the session. {"key":"_security_main"} []
[2024-05-19 12:12:23] request.INFO: Matched route "admin_product_form". {"route":"admin_product_form","route_parameters":{"_controller":"PrestaShopBundle\\Controller\\Admin\\ProductController::formAction","_legacy_controller":"AdminProducts","_legacy_param_mapper_class":"PrestaShop\\PrestaShop\\Adapter\\Product\\AdminProductDataProvider","_legacy_param_mapper_method":"mapLegacyParametersProductForm","id":"44","_route":"admin_product_form"},"request_uri":"http://localhost/cosmy/Cosmy/index.php/sell/catalog/products/44?_token=slzxeXbHJk-9p_vvGR5o9g12iiEN1lIyFWDfUyKFgyg","method":"GET"} []
[2024-05-19 12:12:23] security.DEBUG: Read existing security token from the session. {"key":"_security_main","token_class":"Symfony\\Component\\Security\\Core\\Authentication\\Token\\UsernamePasswordToken"} []
[2024-05-19 12:12:23] security.DEBUG: User was reloaded from a user provider. {"provider":"PrestaShopBundle\\Security\\Admin\\EmployeeProvider","username":"mounabelbard@gmail.com"} []
[2024-05-19 12:12:33] app.ERROR: Data from PrestaShop Addons is invalid, and cannot fallback on cache. [] []
[2024-05-19 12:12:35] security.DEBUG: Stored the security token in the session. {"key":"_security_main"} []
[2024-05-19 12:14:58] request.INFO: Matched route "admin_product_form". {"route":"admin_product_form","route_parameters":{"_controller":"PrestaShopBundle\\Controller\\Admin\\ProductController::formAction","_legacy_controller":"AdminProducts","_legacy_param_mapper_class":"PrestaShop\\PrestaShop\\Adapter\\Product\\AdminProductDataProvider","_legacy_param_mapper_method":"mapLegacyParametersProductForm","id":"45","_route":"admin_product_form"},"request_uri":"http://localhost/cosmy/Cosmy/index.php/sell/catalog/products/45?_token=slzxeXbHJk-9p_vvGR5o9g12iiEN1lIyFWDfUyKFgyg","method":"GET"} []
[2024-05-19 12:14:58] security.DEBUG: Read existing security token from the session. {"key":"_security_main","token_class":"Symfony\\Component\\Security\\Core\\Authentication\\Token\\UsernamePasswordToken"} []
[2024-05-19 12:14:58] security.DEBUG: User was reloaded from a user provider. {"provider":"PrestaShopBundle\\Security\\Admin\\EmployeeProvider","username":"mounabelbard@gmail.com"} []
[2024-05-19 12:14:59] app.ERROR: Data from PrestaShop Addons is invalid, and cannot fallback on cache. [] []
[2024-05-19 12:14:59] security.DEBUG: Stored the security token in the session. {"key":"_security_main"} []
[2024-05-19 17:58:26] request.INFO: Matched route "admin_common_notifications". {"route":"admin_common_notifications","route_parameters":{"_controller":"PrestaShopBundle\\Controller\\Admin\\CommonController::notificationsAction","_legacy_controller":"AdminCommon","_legacy_link":"AdminCommon","_route":"admin_common_notifications"},"request_uri":"http://localhost/cosmy/Cosmy/index.php/common/notifications?_token=slzxeXbHJk-9p_vvGR5o9g12iiEN1lIyFWDfUyKFgyg&rand=1716137903619","method":"POST"} []
[2024-05-19 17:59:24] security.DEBUG: Read existing security token from the session. {"key":"_security_main","token_class":"Symfony\\Component\\Security\\Core\\Authentication\\Token\\UsernamePasswordToken"} []
[2024-05-19 17:59:24] security.DEBUG: User was reloaded from a user provider. {"provider":"PrestaShopBundle\\Security\\Admin\\EmployeeProvider","username":"mounabelbard@gmail.com"} []
[2024-05-19 18:01:25] request.CRITICAL: Uncaught PHP Exception Symfony\Component\Debug\Exception\FatalErrorException: "Error: Maximum execution time of 120 seconds exceeded" at C:\wamp64\www\cosmy\vendor\doctrine\cache\lib\Doctrine\Common\Cache\FilesystemCache.php line 79 {"exception":"[object] (Symfony\\Component\\Debug\\Exception\\FatalErrorException(code: 0): Error: Maximum execution time of 120 seconds exceeded at C:\\wamp64\\www\\cosmy\\vendor\\doctrine\\cache\\lib\\Doctrine\\Common\\Cache\\FilesystemCache.php:79)"} []
[2024-05-19 18:01:26] security.DEBUG: Stored the security token in the session. {"key":"_security_main"} []
[2024-05-19 17:57:58] request.INFO: Matched route "admin_common_notifications". {"route":"admin_common_notifications","route_parameters":{"_controller":"PrestaShopBundle\\Controller\\Admin\\CommonController::notificationsAction","_legacy_controller":"AdminCommon","_legacy_link":"AdminCommon","_route":"admin_common_notifications"},"request_uri":"http://localhost/cosmy/Cosmy/index.php/common/notifications?_token=slzxeXbHJk-9p_vvGR5o9g12iiEN1lIyFWDfUyKFgyg&rand=1716137876616","method":"POST"} []
[2024-05-19 18:01:26] request.CRITICAL: Uncaught PHP Exception Symfony\Component\Debug\Exception\FatalErrorException: "Error: Maximum execution time of 120 seconds exceeded" at C:\wamp64\www\cosmy\vendor\symfony\symfony\src\Symfony\Component\HttpFoundation\Session\Storage\Handler\StrictSessionHandler.php line 48 {"exception":"[object] (Symfony\\Component\\Debug\\Exception\\FatalErrorException(code: 0): Error: Maximum execution time of 120 seconds exceeded at C:\\wamp64\\www\\cosmy\\vendor\\symfony\\symfony\\src\\Symfony\\Component\\HttpFoundation\\Session\\Storage\\Handler\\StrictSessionHandler.php:48)"} []
[2024-05-19 18:01:27] request.CRITICAL: Exception thrown when handling an exception (Twig\Error\RuntimeError: An exception has been thrown during the rendering of a template ("Failed to start the session: already started by PHP."). at C:\wamp64\www\cosmy\src\PrestaShopBundle\Resources\views\Admin\Exception\error.html.twig line 60) {"exception":"[object] (Twig\\Error\\RuntimeError(code: 0): An exception has been thrown during the rendering of a template (\"Failed to start the session: already started by PHP.\"). at C:\\wamp64\\www\\cosmy\\src\\PrestaShopBundle\\Resources\\views\\Admin\\Exception\\error.html.twig:60, RuntimeException(code: 0): Failed to start the session: already started by PHP. at C:\\wamp64\\www\\cosmy\\vendor\\symfony\\symfony\\src\\Symfony\\Component\\HttpFoundation\\Session\\Storage\\NativeSessionStorage.php:146)"} []
[2024-05-19 17:57:54] request.INFO: Matched route "admin_common_notifications". {"route":"admin_common_notifications","route_parameters":{"_controller":"PrestaShopBundle\\Controller\\Admin\\CommonController::notificationsAction","_legacy_controller":"AdminCommon","_legacy_link":"AdminCommon","_route":"admin_common_notifications"},"request_uri":"http://localhost/cosmy/Cosmy/index.php/common/notifications?_token=slzxeXbHJk-9p_vvGR5o9g12iiEN1lIyFWDfUyKFgyg&rand=1716137872616","method":"POST"} []
[2024-05-19 18:01:27] request.CRITICAL: Uncaught PHP Exception Symfony\Component\Debug\Exception\FatalErrorException: "Error: Maximum execution time of 120 seconds exceeded" at C:\wamp64\www\cosmy\vendor\symfony\symfony\src\Symfony\Component\HttpFoundation\Session\Storage\Handler\StrictSessionHandler.php line 48 {"exception":"[object] (Symfony\\Component\\Debug\\Exception\\FatalErrorException(code: 0): Error: Maximum execution time of 120 seconds exceeded at C:\\wamp64\\www\\cosmy\\vendor\\symfony\\symfony\\src\\Symfony\\Component\\HttpFoundation\\Session\\Storage\\Handler\\StrictSessionHandler.php:48)"} []
[2024-05-19 18:01:28] request.CRITICAL: Exception thrown when handling an exception (Twig\Error\RuntimeError: An exception has been thrown during the rendering of a template ("Failed to start the session: already started by PHP."). at C:\wamp64\www\cosmy\src\PrestaShopBundle\Resources\views\Admin\Exception\error.html.twig line 60) {"exception":"[object] (Twig\\Error\\RuntimeError(code: 0): An exception has been thrown during the rendering of a template (\"Failed to start the session: already started by PHP.\"). at C:\\wamp64\\www\\cosmy\\src\\PrestaShopBundle\\Resources\\views\\Admin\\Exception\\error.html.twig:60, RuntimeException(code: 0): Failed to start the session: already started by PHP. at C:\\wamp64\\www\\cosmy\\vendor\\symfony\\symfony\\src\\Symfony\\Component\\HttpFoundation\\Session\\Storage\\NativeSessionStorage.php:146)"} []
[2024-05-19 21:36:59] request.INFO: Matched route "admin_payment_methods". {"route":"admin_payment_methods","route_parameters":{"_controller":"PrestaShopBundle\\Controller\\Admin\\Improve\\Payment\\PaymentMethodsController::indexAction","_legacy_controller":"AdminPayment","_legacy_link":"AdminPayment","_route":"admin_payment_methods"},"request_uri":"http://localhost/cosmy/Cosmy/index.php/improve/payment/payment_methods?_token=slzxeXbHJk-9p_vvGR5o9g12iiEN1lIyFWDfUyKFgyg","method":"GET"} []
[2024-05-19 21:36:59] security.DEBUG: Read existing security token from the session. {"key":"_security_main","token_class":"Symfony\\Component\\Security\\Core\\Authentication\\Token\\UsernamePasswordToken"} []
[2024-05-19 21:36:59] security.DEBUG: User was reloaded from a user provider. {"provider":"PrestaShopBundle\\Security\\Admin\\EmployeeProvider","username":"mounabelbard@gmail.com"} []
[2024-05-19 21:37:05] app.ERROR: Data from PrestaShop Addons is invalid, and cannot fallback on cache. [] []
[2024-05-19 21:37:10] security.DEBUG: Stored the security token in the session. {"key":"_security_main"} []
[2024-05-19 21:37:26] request.INFO: Matched route "admin_module_configure_action". {"route":"admin_module_configure_action","route_parameters":{"_controller":"PrestaShopBundle\\Controller\\Admin\\Improve\\ModuleController::configureModuleAction","_legacy_controller":"AdminModules","module_name":"ps_wirepayment","_route":"admin_module_configure_action"},"request_uri":"http://localhost/cosmy/Cosmy/index.php/improve/modules/manage/action/configure/ps_wirepayment?_token=slzxeXbHJk-9p_vvGR5o9g12iiEN1lIyFWDfUyKFgyg","method":"GET"} []
[2024-05-19 21:37:26] security.DEBUG: Read existing security token from the session. {"key":"_security_main","token_class":"Symfony\\Component\\Security\\Core\\Authentication\\Token\\UsernamePasswordToken"} []
[2024-05-19 21:37:26] security.DEBUG: User was reloaded from a user provider. {"provider":"PrestaShopBundle\\Security\\Admin\\EmployeeProvider","username":"mounabelbard@gmail.com"} []
[2024-05-19 21:37:27] app.ERROR: Data from PrestaShop Addons is invalid, and cannot fallback on cache. [] []
[2024-05-19 21:37:31] security.DEBUG: Stored the security token in the session. {"key":"_security_main"} []
[2024-05-19 21:38:35] request.INFO: Matched route "admin_module_manage". {"route":"admin_module_manage","route_parameters":{"category":null,"keyword":null,"_controller":"PrestaShopBundle\\Controller\\Admin\\Improve\\ModuleController::manageAction","_legacy_controller":"AdminModulesManage","_legacy_link":["AdminModulesManage","AdminModulesSf"],"_route":"admin_module_manage"},"request_uri":"http://localhost/cosmy/Cosmy/index.php/improve/modules/manage?_token=slzxeXbHJk-9p_vvGR5o9g12iiEN1lIyFWDfUyKFgyg","method":"GET"} []
[2024-05-19 21:38:35] security.DEBUG: Read existing security token from the session. {"key":"_security_main","token_class":"Symfony\\Component\\Security\\Core\\Authentication\\Token\\UsernamePasswordToken"} []
[2024-05-19 21:38:35] security.DEBUG: User was reloaded from a user provider. {"provider":"PrestaShopBundle\\Security\\Admin\\EmployeeProvider","username":"mounabelbard@gmail.com"} []
[2024-05-19 21:38:41] app.ERROR: Data from PrestaShop Addons is invalid, and cannot fallback on cache. [] []
[2024-05-19 21:38:45] security.DEBUG: Stored the security token in the session. {"key":"_security_main"} []
[2024-05-19 21:38:50] request.INFO: Matched route "admin_module_notification_count". {"route":"admin_module_notification_count","route_parameters":{"_controller":"PrestaShopBundle\\Controller\\Admin\\Improve\\Modules\\AlertsController::notificationsCountAction","_legacy_controller":"AdminModulesNotifications","_legacy_link":"AdminModulesNotifications:count","_route":"admin_module_notification_count"},"request_uri":"http://localhost/cosmy/Cosmy/index.php/improve/modules/alerts/count?_token=slzxeXbHJk-9p_vvGR5o9g12iiEN1lIyFWDfUyKFgyg","method":"GET"} []
[2024-05-19 21:38:51] security.DEBUG: Read existing security token from the session. {"key":"_security_main","token_class":"Symfony\\Component\\Security\\Core\\Authentication\\Token\\UsernamePasswordToken"} []
[2024-05-19 21:38:51] security.DEBUG: User was reloaded from a user provider. {"provider":"PrestaShopBundle\\Security\\Admin\\EmployeeProvider","username":"mounabelbard@gmail.com"} []
[2024-05-19 21:38:54] app.ERROR: Data from PrestaShop Addons is invalid, and cannot fallback on cache. [] []
[2024-05-19 21:38:55] security.DEBUG: Stored the security token in the session. {"key":"_security_main"} []
[2024-05-19 21:38:55] request.INFO: Matched route "admin_payment_methods". {"route":"admin_payment_methods","route_parameters":{"_controller":"PrestaShopBundle\\Controller\\Admin\\Improve\\Payment\\PaymentMethodsController::indexAction","_legacy_controller":"AdminPayment","_legacy_link":"AdminPayment","_route":"admin_payment_methods"},"request_uri":"http://localhost/cosmy/Cosmy/index.php/improve/payment/payment_methods?_token=slzxeXbHJk-9p_vvGR5o9g12iiEN1lIyFWDfUyKFgyg","method":"GET"} []
[2024-05-19 21:38:55] security.DEBUG: Read existing security token from the session. {"key":"_security_main","token_class":"Symfony\\Component\\Security\\Core\\Authentication\\Token\\UsernamePasswordToken"} []
[2024-05-19 21:38:55] security.DEBUG: User was reloaded from a user provider. {"provider":"PrestaShopBundle\\Security\\Admin\\EmployeeProvider","username":"mounabelbard@gmail.com"} []
[2024-05-19 21:38:56] app.ERROR: Data from PrestaShop Addons is invalid, and cannot fallback on cache. [] []
[2024-05-19 21:38:57] security.DEBUG: Stored the security token in the session. {"key":"_security_main"} []
[2024-05-19 21:39:02] request.INFO: Matched route "admin_module_configure_action". {"route":"admin_module_configure_action","route_parameters":{"_controller":"PrestaShopBundle\\Controller\\Admin\\Improve\\ModuleController::configureModuleAction","_legacy_controller":"AdminModules","module_name":"ps_checkpayment","_route":"admin_module_configure_action"},"request_uri":"http://localhost/cosmy/Cosmy/index.php/improve/modules/manage/action/configure/ps_checkpayment?_token=slzxeXbHJk-9p_vvGR5o9g12iiEN1lIyFWDfUyKFgyg","method":"GET"} []
[2024-05-19 21:39:02] security.DEBUG: Read existing security token from the session. {"key":"_security_main","token_class":"Symfony\\Component\\Security\\Core\\Authentication\\Token\\UsernamePasswordToken"} []
[2024-05-19 21:39:02] security.DEBUG: User was reloaded from a user provider. {"provider":"PrestaShopBundle\\Security\\Admin\\EmployeeProvider","username":"mounabelbard@gmail.com"} []
[2024-05-19 21:39:02] app.ERROR: Data from PrestaShop Addons is invalid, and cannot fallback on cache. [] []
[2024-05-19 21:39:04] security.DEBUG: Stored the security token in the session. {"key":"_security_main"} []
